<?xml version="1.0" encoding="UTF-8"?>
<!-- Generated by org.testng.reporters.JUnitReportReporter -->
<testsuite hostname="DESKTOP-LLLGMOJ" failures="0" tests="5" name="basicTestng.OrangeHRM_PIM2" time="1.534" errors="0" timestamp="2024-09-24T20:23:18 IST" skipped="0">
  <testcase classname="basicTestng.OrangeHRM_PIM2" name="create_PIM" time="0.001"/>
  <testcase classname="basicTestng.OrangeHRM_PIM2" name="create_PIM" time="0.001"/>
  <testcase classname="basicTestng.OrangeHRM_PIM2" name="create_PIM" time="0.003"/>
  <testcase classname="basicTestng.OrangeHRM_PIM2" name="update_PIM" time="1.525"/>
  <testcase classname="basicTestng.OrangeHRM_PIM2" name="delete_PIM" time="0.004"/>
</testsuite> <!-- basicTestng.OrangeHRM_PIM2 -->
