<?xml version="1.0" encoding="UTF-8"?>
<!-- Generated by org.testng.reporters.JUnitReportReporter -->
<testsuite hostname="DESKTOP-LLLGMOJ" failures="0" tests="3" name="basicTestng.AnnotationsExample" time="0.028" errors="0" timestamp="2024-09-24T20:23:18 IST" skipped="0">
  <testcase classname="basicTestng.AnnotationsExample" name="createPIM" time="0.018"/>
  <testcase classname="basicTestng.AnnotationsExample" name="updatePIM" time="0.005"/>
  <testcase classname="basicTestng.AnnotationsExample" name="deletePIM" time="0.005"/>
</testsuite> <!-- basicTestng.AnnotationsExample -->
