<?xml version="1.0" encoding="UTF-8"?>
<!-- Generated by org.testng.reporters.JUnitReportReporter -->
<testsuite hostname="DESKTOP-LLLGMOJ" failures="0" tests="4" name="basicTestng.Assignments" time="0.012" errors="0" timestamp="2024-09-24T20:23:18 IST" skipped="0">
  <testcase classname="basicTestng.Assignments" name="testVtigerLoginLogout" time="0.001"/>
  <testcase classname="basicTestng.Assignments" name="testActitimeLoginLogout" time="0.004"/>
  <testcase classname="basicTestng.Assignments" name="testOrangeHRMLoginLogout" time="0.006"/>
  <testcase classname="basicTestng.Assignments" name="testTricentisLoginLogout" time="0.001"/>
</testsuite> <!-- basicTestng.Assignments -->
