<?xml version="1.0" encoding="UTF-8"?>
<!-- Generated by org.testng.reporters.JUnitReportReporter -->
<testsuite hostname="DESKTOP-LLLGMOJ" failures="0" tests="3" name="day11.advancetestng.DataProviderExample2" time="15.172" errors="0" timestamp="2024-09-23T20:54:20 IST" skipped="0">
  <testcase classname="day11.advancetestng.DataProviderExample2" name="testGoogleSearch" time="4.378"/>
  <testcase classname="day11.advancetestng.DataProviderExample2" name="testGoogleSearch" time="4.790"/>
  <testcase classname="day11.advancetestng.DataProviderExample2" name="testGoogleSearch" time="6.004"/>
</testsuite> <!-- day11.advancetestng.DataProviderExample2 -->
