<?xml version="1.0" encoding="UTF-8"?>
<!-- Generated by org.testng.reporters.JUnitReportReporter -->
<testsuite hostname="DESKTOP-LLLGMOJ" failures="0" tests="1" name="basicTestng.Example1" time="0.003" errors="0" timestamp="2024-09-18T21:02:06 IST" skipped="0">
  <testcase classname="basicTestng.Example1" name="testCase1" time="0.003"/>
</testsuite> <!-- basicTestng.Example1 -->
