<?xml version="1.0" encoding="UTF-8"?>
<!-- Generated by org.testng.reporters.JUnitReportReporter -->
<testsuite hostname="DESKTOP-LLLGMOJ" failures="0" tests="1" name="day11.exdentreport.ActitimeLoginValidation" time="8.261" errors="0" timestamp="2024-09-24T20:47:12 IST" skipped="0">
  <testcase classname="day11.exdentreport.ActitimeLoginValidation" name="testActitimeLogin" time="8.261"/>
</testsuite> <!-- day11.exdentreport.ActitimeLoginValidation -->
