<?xml version="1.0" encoding="UTF-8"?>
<!-- Generated by org.testng.reporters.JUnitReportReporter -->
<testsuite hostname="DESKTOP-LLLGMOJ" failures="0" tests="5" name="day11.advancetestng.GroupExamples2" time="0.023" errors="0" timestamp="2024-09-23T20:37:02 IST" skipped="0">
  <testcase classname="day11.advancetestng.GroupExamples2" name="testLeads" time="0.005"/>
  <testcase classname="day11.advancetestng.GroupExamples2" name="testPIM" time="0.007"/>
  <testcase classname="day11.advancetestng.GroupExamples2" name="testLogin" time="0.004"/>
  <testcase classname="day11.advancetestng.GroupExamples2" name="testSignIn" time="0.004"/>
  <testcase classname="day11.advancetestng.GroupExamples2" name="testTask" time="0.003"/>
</testsuite> <!-- day11.advancetestng.GroupExamples2 -->
