<?xml version="1.0" encoding="UTF-8"?>
<!-- Generated by org.testng.reporters.JUnitReportReporter -->
<testsuite hostname="DESKTOP-LLLGMOJ" failures="0" tests="3" name="basicTestng.AnnotationsExample2" time="0.009" errors="0" timestamp="2024-09-24T20:23:18 IST" skipped="0">
  <testcase classname="basicTestng.AnnotationsExample2" name="createPIM" time="0.005"/>
  <testcase classname="basicTestng.AnnotationsExample2" name="updatePIM" time="0.002"/>
  <testcase classname="basicTestng.AnnotationsExample2" name="deletePIM" time="0.002"/>
</testsuite> <!-- basicTestng.AnnotationsExample2 -->
