<?xml version="1.0" encoding="UTF-8"?>
<!-- Generated by org.testng.reporters.JUnitReportReporter -->
<testsuite hostname="DESKTOP-LLLGMOJ" failures="0" tests="5" name="basicTestng.OrangeHRM_PIM3" time="1.522" errors="0" timestamp="2024-09-24T20:23:18 IST" skipped="0">
  <testcase classname="basicTestng.OrangeHRM_PIM3" name="create_PIM" time="0.003"/>
  <testcase classname="basicTestng.OrangeHRM_PIM3" name="create_PIM" time="0.001"/>
  <testcase classname="basicTestng.OrangeHRM_PIM3" name="create_PIM" time="0.002"/>
  <testcase classname="basicTestng.OrangeHRM_PIM3" name="update_PIM" time="1.513"/>
  <testcase classname="basicTestng.OrangeHRM_PIM3" name="delete_PIM" time="0.003"/>
</testsuite> <!-- basicTestng.OrangeHRM_PIM3 -->
