<?xml version="1.0" encoding="UTF-8"?>
<!-- Generated by org.testng.reporters.JUnitReportReporter -->
<testsuite hostname="DESKTOP-LLLGMOJ" failures="0" tests="2" name="basicTestng.Example2" time="0.019" errors="0" timestamp="2024-09-18T21:02:06 IST" skipped="0">
  <testcase classname="basicTestng.Example2" name="testCase2" time="0.013"/>
  <testcase classname="basicTestng.Example2" name="testCase1" time="0.006"/>
</testsuite> <!-- basicTestng.Example2 -->
