<?xml version="1.0" encoding="UTF-8"?>
<!-- Generated by org.testng.reporters.JUnitReportReporter -->
<testsuite hostname="DESKTOP-LLLGMOJ" failures="0" tests="4" name="basicTestng.Assignments" time="0.007" errors="0" timestamp="2024-09-18T21:02:06 IST" skipped="0">
  <testcase classname="basicTestng.Assignments" name="testActitimeLoginLogout" time="0.001"/>
  <testcase classname="basicTestng.Assignments" name="testVtigerLoginLogout" time="0.002"/>
  <testcase classname="basicTestng.Assignments" name="testTricentisLoginLogout" time="0.003"/>
  <testcase classname="basicTestng.Assignments" name="testOrangeHRMLoginLogout" time="0.001"/>
</testsuite> <!-- basicTestng.Assignments -->
