<?xml version="1.0" encoding="UTF-8"?>
<!-- Generated by org.testng.reporters.JUnitReportReporter -->
<testsuite hostname="DESKTOP-LLLGMOJ" failures="0" tests="2" name="day11.advancetestng.ParallelExecutionTest" time="25.734" errors="0" timestamp="2024-09-23T21:00:12 IST" skipped="0">
  <testcase classname="day11.advancetestng.ParallelExecutionTest" name="testLoginOfVtiger" time="9.385"/>
  <testcase classname="day11.advancetestng.ParallelExecutionTest" name="testLoginOfVtiger" time="16.349"/>
</testsuite> <!-- day11.advancetestng.ParallelExecutionTest -->
