<?xml version="1.0" encoding="UTF-8"?>
<!-- Generated by org.testng.reporters.JUnitReportReporter -->
<testsuite hostname="DESKTOP-LLLGMOJ" failures="0" tests="1" name="ddtexamples.Example2" time="15.735" errors="0" timestamp="2024-09-20T21:16:40 IST" skipped="0">
  <testcase classname="ddtexamples.Example2" name="testOrangeHRM" time="15.735"/>
</testsuite> <!-- ddtexamples.Example2 -->
