<?xml version="1.0" encoding="UTF-8"?>
<!-- Generated by org.testng.reporters.JUnitReportReporter -->
<testsuite hostname="DESKTOP-LLLGMOJ" failures="0" tests="6" name="basicTestng.AnnotationsExample" time="0.085" errors="0" timestamp="2024-09-23T21:00:12 IST" skipped="0">
  <testcase classname="basicTestng.AnnotationsExample" name="createPIM" time="0.004"/>
  <testcase classname="basicTestng.AnnotationsExample" name="createPIM" time="0.019"/>
  <testcase classname="basicTestng.AnnotationsExample" name="updatePIM" time="0.034"/>
  <testcase classname="basicTestng.AnnotationsExample" name="updatePIM" time="0.009"/>
  <testcase classname="basicTestng.AnnotationsExample" name="deletePIM" time="0.012"/>
  <testcase classname="basicTestng.AnnotationsExample" name="deletePIM" time="0.007"/>
</testsuite> <!-- basicTestng.AnnotationsExample -->
