<?xml version="1.0" encoding="UTF-8"?>
<!-- Generated by org.testng.reporters.JUnitReportReporter -->
<testsuite hostname="DESKTOP-LLLGMOJ" failures="0" tests="3" name="basicTestng.AnnotationsExample" time="0.019" errors="0" timestamp="2024-09-18T21:02:06 IST" skipped="0">
  <testcase classname="basicTestng.AnnotationsExample" name="createPIM" time="0.007"/>
  <testcase classname="basicTestng.AnnotationsExample" name="updatePIM" time="0.006"/>
  <testcase classname="basicTestng.AnnotationsExample" name="deletePIM" time="0.006"/>
</testsuite> <!-- basicTestng.AnnotationsExample -->
