<?xml version="1.0" encoding="UTF-8"?>
<!-- Generated by org.testng.reporters.JUnitReportReporter -->
<testsuite hostname="DESKTOP-LLLGMOJ" failures="0" tests="3" name="basicTestng.OrangeHRM_PIM" time="0.037" errors="0" timestamp="2024-09-24T20:25:38 IST" skipped="0">
  <testcase classname="basicTestng.OrangeHRM_PIM" name="create_PIM" time="0.028"/>
  <testcase classname="basicTestng.OrangeHRM_PIM" name="update_PIM" time="0.003"/>
  <testcase classname="basicTestng.OrangeHRM_PIM" name="delete_PIM" time="0.006"/>
</testsuite> <!-- basicTestng.OrangeHRM_PIM -->
