<?xml version="1.0" encoding="UTF-8"?>
<!-- Generated by org.testng.reporters.JUnitReportReporter -->
<testsuite hostname="DESKTOP-LLLGMOJ" failures="0" tests="2" name="day11.advancetestng.Parameterization" time="8.384" errors="0" timestamp="2024-09-23T20:42:21 IST" skipped="0">
  <testcase classname="day11.advancetestng.Parameterization" name="testLoginOfVtiger" time="8.366"/>
  <testcase classname="day11.advancetestng.Parameterization" name="testCaseOne" time="0.018"/>
</testsuite> <!-- day11.advancetestng.Parameterization -->
