<?xml version="1.0" encoding="UTF-8"?>
<!-- Generated by org.testng.reporters.JUnitReportReporter -->
<testsuite hostname="DESKTOP-LLLGMOJ" failures="0" tests="2" name="basicTestng.Example2" time="0.033" errors="0" timestamp="2024-09-24T20:23:18 IST" skipped="0">
  <testcase classname="basicTestng.Example2" name="testCase1" time="0.005"/>
  <testcase classname="basicTestng.Example2" name="testCase2" time="0.028"/>
</testsuite> <!-- basicTestng.Example2 -->
