<?xml version="1.0" encoding="UTF-8"?>
<!-- Generated by org.testng.reporters.JUnitReportReporter -->
<testsuite hostname="DESKTOP-LLLGMOJ" failures="0" tests="1" name="day11.exdentreport.ExtentDemo" time="6.198" errors="0" timestamp="2024-09-24T20:50:05 IST" skipped="0">
  <testcase classname="day11.exdentreport.ExtentDemo" name="extentReportsDemo" time="6.198"/>
</testsuite> <!-- day11.exdentreport.ExtentDemo -->
