<?xml version="1.0" encoding="UTF-8"?>
<!-- Generated by org.testng.reporters.JUnitReportReporter -->
<testsuite hostname="DESKTOP-LLLGMOJ" failures="0" tests="5" name="basicTestng.ActitimeLoginValidation" time="10.827" errors="0" timestamp="2024-09-24T20:23:18 IST" skipped="4">
  <testcase classname="basicTestng.ActitimeLoginValidation" name="testLoginPageValidationWithAssert4" time="10.827"/>
  <testcase classname="basicTestng.ActitimeLoginValidation" name="testLoginPageValidationWithOutAssert">
    <skipped/>
  </testcase> <!-- testLoginPageValidationWithOutAssert -->
  <testcase classname="basicTestng.ActitimeLoginValidation" name="testLoginPageValidationWithAssert2">
    <skipped/>
  </testcase> <!-- testLoginPageValidationWithAssert2 -->
  <testcase classname="basicTestng.ActitimeLoginValidation" name="testLoginPageValidationWithAssert">
    <skipped/>
  </testcase> <!-- testLoginPageValidationWithAssert -->
  <testcase classname="basicTestng.ActitimeLoginValidation" name="testLoginPageValidationWithAssert3">
    <skipped/>
  </testcase> <!-- testLoginPageValidationWithAssert3 -->
</testsuite> <!-- basicTestng.ActitimeLoginValidation -->
