<?xml version="1.0" encoding="UTF-8"?>
<!-- Generated by org.testng.reporters.JUnitReportReporter -->
<testsuite hostname="DESKTOP-LLLGMOJ" failures="0" tests="1" name="ddtexamples.Example1" time="1.090" errors="0" timestamp="2024-09-20T20:50:39 IST" skipped="0">
  <testcase classname="ddtexamples.Example1" name="testUpdateCellValue" time="1.090"/>
</testsuite> <!-- ddtexamples.Example1 -->
