<?xml version="1.0" encoding="UTF-8"?>
<!-- Generated by org.testng.reporters.JUnitReportReporter -->
<testsuite hostname="DESKTOP-LLLGMOJ" failures="0" tests="3" name="day11.advancetestng.DataProviderExample" time="32.290" errors="0" timestamp="2024-09-23T20:50:43 IST" skipped="0">
  <testcase classname="day11.advancetestng.DataProviderExample" name="testLoginOfVtiger" time="10.557"/>
  <testcase classname="day11.advancetestng.DataProviderExample" name="testLoginOfVtiger" time="10.682"/>
  <testcase classname="day11.advancetestng.DataProviderExample" name="testLoginOfVtiger" time="11.051"/>
</testsuite> <!-- day11.advancetestng.DataProviderExample -->
