<?xml version="1.0" encoding="UTF-8"?>
<!-- Generated by org.testng.reporters.JUnitReportReporter -->
<testsuite hostname="DESKTOP-LLLGMOJ" failures="0" tests="5" name="basicTestng.OrangeHRM_PIM3" time="1.526" errors="0" timestamp="2024-09-18T21:02:06 IST" skipped="0">
  <testcase classname="basicTestng.OrangeHRM_PIM3" name="create_PIM" time="0.002"/>
  <testcase classname="basicTestng.OrangeHRM_PIM3" name="create_PIM" time="0.001"/>
  <testcase classname="basicTestng.OrangeHRM_PIM3" name="create_PIM" time="0.007"/>
  <testcase classname="basicTestng.OrangeHRM_PIM3" name="update_PIM" time="1.515"/>
  <testcase classname="basicTestng.OrangeHRM_PIM3" name="delete_PIM" time="0.001"/>
</testsuite> <!-- basicTestng.OrangeHRM_PIM3 -->
