<?xml version="1.0" encoding="UTF-8"?>
<!-- Generated by org.testng.reporters.JUnitReportReporter -->
<testsuite hostname="DESKTOP-LLLGMOJ" failures="0" tests="5" name="basicTestng.ActitimeLoginValidation" time="13.046" errors="0" timestamp="2024-09-18T21:02:06 IST" skipped="4">
  <testcase classname="basicTestng.ActitimeLoginValidation" name="testLoginPageValidationWithAssert4" time="13.046"/>
  <testcase classname="basicTestng.ActitimeLoginValidation" name="testLoginPageValidationWithAssert">
    <skipped/>
  </testcase> <!-- testLoginPageValidationWithAssert -->
  <testcase classname="basicTestng.ActitimeLoginValidation" name="testLoginPageValidationWithAssert3">
    <skipped/>
  </testcase> <!-- testLoginPageValidationWithAssert3 -->
  <testcase classname="basicTestng.ActitimeLoginValidation" name="testLoginPageValidationWithAssert2">
    <skipped/>
  </testcase> <!-- testLoginPageValidationWithAssert2 -->
  <testcase classname="basicTestng.ActitimeLoginValidation" name="testLoginPageValidationWithOutAssert">
    <skipped/>
  </testcase> <!-- testLoginPageValidationWithOutAssert -->
</testsuite> <!-- basicTestng.ActitimeLoginValidation -->
