<?xml version="1.0" encoding="UTF-8"?>
<!-- Generated by org.testng.reporters.JUnitReportReporter -->
<testsuite hostname="DESKTOP-LLLGMOJ" failures="0" tests="1" name="ornageHRMTestScripts.LoginLogoutText" time="2.293" errors="0" timestamp="2024-09-26T20:48:45 IST" skipped="0">
  <testcase classname="ornageHRMTestScripts.LoginLogoutText" name="testLoginFlow" time="2.293"/>
</testsuite> <!-- ornageHRMTestScripts.LoginLogoutText -->
