<?xml version="1.0" encoding="UTF-8"?>
<!-- Generated by org.testng.reporters.JUnitReportReporter -->
<testsuite hostname="DESKTOP-LLLGMOJ" failures="0" tests="2" name="googleTestScripts.TestGoogleSearchFlow" time="2.153" errors="0" timestamp="2024-09-27T20:42:46 IST" skipped="0">
  <testcase classname="googleTestScripts.TestGoogleSearchFlow" name="testGoogleSuggestionCount" time="0.521"/>
  <testcase classname="googleTestScripts.TestGoogleSearchFlow" name="testSuggestionSelection" time="1.632"/>
</testsuite> <!-- googleTestScripts.TestGoogleSearchFlow -->
