<?xml version="1.0" encoding="UTF-8"?>
<!-- Generated by org.testng.reporters.JUnitReportReporter -->
<testsuite hostname="DESKTOP-LLLGMOJ" failures="0" tests="4" name="runner.TestRunner" time="32.965" errors="0" timestamp="2024-10-05T17:04:34 IST" skipped="0">
  <testcase classname="runner.TestRunner" name="runScenario" time="7.059"/>
  <testcase classname="runner.TestRunner" name="runScenario" time="11.274"/>
  <testcase classname="runner.TestRunner" name="runScenario" time="8.352"/>
  <testcase classname="runner.TestRunner" name="runScenario" time="6.280"/>
</testsuite> <!-- runner.TestRunner -->
