<?xml version="1.0" encoding="UTF-8"?>
<!-- Generated by org.testng.reporters.JUnitReportReporter -->
<testsuite hostname="DESKTOP-LLLGMOJ" failures="0" tests="4" name="runner.TestRunner" time="29.337" errors="0" timestamp="2024-10-06T14:29:55 IST" skipped="0">
  <testcase classname="runner.TestRunner" name="runScenario" time="5.921"/>
  <testcase classname="runner.TestRunner" name="runScenario" time="6.440"/>
  <testcase classname="runner.TestRunner" name="runScenario" time="10.823"/>
  <testcase classname="runner.TestRunner" name="runScenario" time="6.153"/>
</testsuite> <!-- runner.TestRunner -->
